

**DEBUG**
C:\wamp\www\curso_backfront\symfony\src\AppBundle\Controller\DefaultController.php_28:
{"email":"admin@admin.com","password":"admin","getHash":"false"}
*********



**DEBUG**
C:\wamp\www\curso_backfront\symfony\src\AppBundle\Controller\DefaultController.php_40:
false
*********



**DEBUG**
C:\wamp\www\curso_backfront\symfony\src\AppBundle\Controller\DefaultController.php_41:
1
*********



**DEBUG**
C:\wamp\www\curso_backfront\symfony\src\AppBundle\Controller\DefaultController.php_59:
olakase2
*********



**DEBUG**
C:\wamp\www\curso_backfront\symfony\src\AppBundle\Controller\DefaultController.php_50:
string
*********



**DEBUG**
C:\wamp\www\curso_backfront\symfony\src\AppBundle\Controller\DefaultController.php_51:
boolean
*********



**DEBUG**
C:\wamp\www\curso_backfront\symfony\src\AppBundle\Controller\DefaultController.php_51:
boolean
*********



**DEBUG**
C:\wamp\www\curso_backfront\symfony\src\AppBundle\Controller\DefaultController.php_51:
boolean
*********



**DEBUG**
C:\wamp\www\curso_backfront\symfony\src\AppBundle\Controller\DefaultController.php_51:
boolean
*********

